comp/acs/acs_f220w_005_syn.fits -> comp/acs/acs_f220w_006_syn.fits
comp/acs/acs_f220w_hrc_004_syn.fits -> comp/acs/acs_f220w_hrc_005_syn.fits
comp/acs/acs_f220w_wfc_004_syn.fits -> comp/acs/acs_f220w_wfc_005_syn.fits
comp/acs/acs_f250w_004_syn.fits: no change necessary
comp/acs/acs_f250w_hrc_003_syn.fits -> comp/acs/acs_f250w_hrc_004_syn.fits
comp/acs/acs_f250w_wfc_003_syn.fits -> comp/acs/acs_f250w_wfc_004_syn.fits
comp/acs/acs_f330w_005_syn.fits -> comp/acs/acs_f330w_006_syn.fits
comp/acs/acs_f330w_hrc_003_syn.fits -> comp/acs/acs_f330w_hrc_004_syn.fits
comp/acs/acs_f330w_wfc_003_syn.fits -> comp/acs/acs_f330w_wfc_004_syn.fits
comp/acs/acs_f344n_004_syn.fits -> comp/acs/acs_f344n_005_syn.fits
comp/acs/acs_f344n_hrc_003_syn.fits -> comp/acs/acs_f344n_hrc_004_syn.fits
comp/acs/acs_f344n_wfc_003_syn.fits -> comp/acs/acs_f344n_wfc_004_syn.fits
comp/acs/acs_f410w_hrc_003_syn.fits -> comp/acs/acs_f410w_hrc_004_syn.fits
comp/acs/acs_f410w_wfc_003_syn.fits -> comp/acs/acs_f410w_wfc_004_syn.fits
comp/acs/acs_f435w_004_syn.fits -> comp/acs/acs_f435w_005_syn.fits
comp/acs/acs_f435w_hrc_003_syn.fits -> comp/acs/acs_f435w_hrc_004_syn.fits
comp/acs/acs_f435w_wfc_003_syn.fits -> comp/acs/acs_f435w_wfc_004_syn.fits
comp/acs/acs_f475w_004_syn.fits -> comp/acs/acs_f475w_005_syn.fits
comp/acs/acs_f475w_hrc_003_syn.fits -> comp/acs/acs_f475w_hrc_004_syn.fits
comp/acs/acs_f475w_wfc_003_syn.fits -> comp/acs/acs_f475w_wfc_004_syn.fits
comp/acs/acs_f502n_005_syn.fits -> comp/acs/acs_f502n_006_syn.fits
comp/acs/acs_f502n_hrc_003_syn.fits -> comp/acs/acs_f502n_hrc_004_syn.fits
comp/acs/acs_f502n_wfc_003_syn.fits -> comp/acs/acs_f502n_wfc_004_syn.fits
comp/acs/acs_f550m_005_syn.fits -> comp/acs/acs_f550m_006_syn.fits
comp/acs/acs_f555w_003_syn.fits -> comp/acs/acs_f555w_004_syn.fits
comp/acs/acs_f555w_hrc_003_syn.fits -> comp/acs/acs_f555w_hrc_004_syn.fits
comp/acs/acs_f555w_wfc_003_syn.fits -> comp/acs/acs_f555w_wfc_004_syn.fits
comp/acs/acs_f606w_005_syn.fits -> comp/acs/acs_f606w_006_syn.fits
comp/acs/acs_f606w_hrc_003_syn.fits -> comp/acs/acs_f606w_hrc_004_syn.fits
comp/acs/acs_f606w_wfc_003_syn.fits -> comp/acs/acs_f606w_wfc_004_syn.fits
comp/acs/acs_f625w_004_syn.fits -> comp/acs/acs_f625w_005_syn.fits
comp/acs/acs_f625w_hrc_003_syn.fits -> comp/acs/acs_f625w_hrc_004_syn.fits
comp/acs/acs_f625w_wfc_003_syn.fits -> comp/acs/acs_f625w_wfc_004_syn.fits
comp/acs/acs_f658n_005_syn.fits -> comp/acs/acs_f658n_006_syn.fits
comp/acs/acs_f660n_005_syn.fits -> comp/acs/acs_f660n_006_syn.fits
comp/acs/acs_f775w_003_syn.fits -> comp/acs/acs_f775w_004_syn.fits
comp/acs/acs_f775w_hrc_003_syn.fits -> comp/acs/acs_f775w_hrc_004_syn.fits
comp/acs/acs_f775w_wfc_003_syn.fits -> comp/acs/acs_f775w_wfc_004_syn.fits
comp/acs/acs_f814w_004_syn.fits -> comp/acs/acs_f814w_005_syn.fits
comp/acs/acs_f814w_hrc_004_syn.fits -> comp/acs/acs_f814w_hrc_005_syn.fits
comp/acs/acs_f814w_wfc_004_syn.fits -> comp/acs/acs_f814w_wfc_005_syn.fits
comp/acs/acs_f892n_005_syn.fits -> comp/acs/acs_f892n_006_syn.fits
comp/acs/acs_f892n_hrc_003_syn.fits -> comp/acs/acs_f892n_hrc_004_syn.fits
comp/acs/acs_f892n_wfc_003_syn.fits -> comp/acs/acs_f892n_wfc_004_syn.fits
comp/acs/acs_fr1016n_003_syn.fits -> comp/acs/acs_fr1016n_004_syn.fits
comp/acs/acs_fr388n_003_syn.fits -> comp/acs/acs_fr388n_004_syn.fits
comp/acs/acs_fr423n_003_syn.fits -> comp/acs/acs_fr423n_004_syn.fits
comp/acs/acs_fr459m_003_syn.fits -> comp/acs/acs_fr459m_004_syn.fits
comp/acs/acs_fr462n_003_syn.fits -> comp/acs/acs_fr462n_004_syn.fits
comp/acs/acs_fr505n_003_syn.fits -> comp/acs/acs_fr505n_004_syn.fits
comp/acs/acs_fr551n_003_syn.fits -> comp/acs/acs_fr551n_004_syn.fits
comp/acs/acs_fr601n_003_syn.fits -> comp/acs/acs_fr601n_004_syn.fits
comp/acs/acs_fr647m_003_syn.fits -> comp/acs/acs_fr647m_004_syn.fits
comp/acs/acs_fr656n_003_syn.fits -> comp/acs/acs_fr656n_004_syn.fits
comp/acs/acs_fr716n_003_syn.fits -> comp/acs/acs_fr716n_004_syn.fits
comp/acs/acs_fr782n_003_syn.fits -> comp/acs/acs_fr782n_004_syn.fits
comp/acs/acs_fr853n_003_syn.fits -> comp/acs/acs_fr853n_004_syn.fits
comp/acs/acs_fr914m_003_syn.fits -> comp/acs/acs_fr914m_004_syn.fits
comp/acs/acs_fr931n_003_syn.fits -> comp/acs/acs_fr931n_004_syn.fits
comp/acs/acs_hrc_ccd_013_syn.fits: no change necessary
comp/acs/acs_hrc_ccd_mjd_013_syn.fits: no change necessary
comp/acs/acs_wfc_ccd1_019_syn.fits: no change necessary
comp/acs/acs_wfc_ccd1_mjd_019_syn.fits: no change necessary
comp/acs/acs_wfc_ccd2_019_syn.fits: no change necessary
comp/acs/acs_wfc_ccd2_mjd_019_syn.fits: no change necessary
comp/acs/acs_f115lp_004_syn.fits -> comp/acs/acs_f115lp_005_syn.fits
comp/acs/acs_f115lp_sbc_003_syn.fits -> comp/acs/acs_f115lp_sbc_004_syn.fits
comp/acs/acs_f122m_004_syn.fits -> comp/acs/acs_f122m_005_syn.fits
comp/acs/acs_f122m_sbc_004_syn.fits -> comp/acs/acs_f122m_sbc_005_syn.fits
comp/acs/acs_f125lp_005_syn.fits -> comp/acs/acs_f125lp_006_syn.fits
comp/acs/acs_f125lp_sbc_003_syn.fits -> comp/acs/acs_f125lp_sbc_004_syn.fits
comp/acs/acs_f140lp_005_syn.fits -> comp/acs/acs_f140lp_006_syn.fits
comp/acs/acs_f140lp_sbc_003_syn.fits -> comp/acs/acs_f140lp_sbc_004_syn.fits
comp/acs/acs_f150lp_004_syn.fits -> comp/acs/acs_f150lp_005_syn.fits
comp/acs/acs_f150lp_sbc_003_syn.fits -> comp/acs/acs_f150lp_sbc_004_syn.fits
comp/acs/acs_f165lp_004_syn.fits -> comp/acs/acs_f165lp_005_syn.fits
comp/acs/acs_f165lp_sbc_003_syn.fits -> comp/acs/acs_f165lp_sbc_004_syn.fits
comp/acs/acs_sbc_mama_007_syn.fits -> comp/acs/acs_sbc_mama_008_syn.fits
comp/nicmos/nic1_f090m_011_syn.fits -> comp/nicmos/nic1_f090m_012_syn.fits
comp/nicmos/nic1_f095n_011_syn.fits -> comp/nicmos/nic1_f095n_012_syn.fits
comp/nicmos/nic1_f097n_011_syn.fits -> comp/nicmos/nic1_f097n_012_syn.fits
comp/nicmos/nic1_f108n_011_syn.fits -> comp/nicmos/nic1_f108n_012_syn.fits
comp/nicmos/nic1_f110m_011_syn.fits -> comp/nicmos/nic1_f110m_012_syn.fits
comp/nicmos/nic1_f110w_011_syn.fits -> comp/nicmos/nic1_f110w_012_syn.fits
comp/nicmos/nic1_f113n_011_syn.fits -> comp/nicmos/nic1_f113n_012_syn.fits
comp/nicmos/nic1_f140w_011_syn.fits -> comp/nicmos/nic1_f140w_012_syn.fits
comp/nicmos/nic1_f145m_011_syn.fits -> comp/nicmos/nic1_f145m_012_syn.fits
comp/nicmos/nic1_f160w_011_syn.fits -> comp/nicmos/nic1_f160w_012_syn.fits
comp/nicmos/nic1_f164n_011_syn.fits -> comp/nicmos/nic1_f164n_012_syn.fits
comp/nicmos/nic1_f165m_011_syn.fits -> comp/nicmos/nic1_f165m_012_syn.fits
comp/nicmos/nic1_f166n_011_syn.fits -> comp/nicmos/nic1_f166n_012_syn.fits
comp/nicmos/nic1_f170m_011_syn.fits -> comp/nicmos/nic1_f170m_012_syn.fits
comp/nicmos/nic1_f187n_011_syn.fits -> comp/nicmos/nic1_f187n_012_syn.fits
comp/nicmos/nic1_f190n_011_syn.fits -> comp/nicmos/nic1_f190n_012_syn.fits
comp/nicmos/nic1_pol0s_006_syn.fits -> comp/nicmos/nic1_pol0s_007_syn.fits
comp/nicmos/nic1_pol120s_006_syn.fits -> comp/nicmos/nic1_pol120s_007_syn.fits
comp/nicmos/nic1_pol240s_006_syn.fits -> comp/nicmos/nic1_pol240s_007_syn.fits
comp/nicmos/nic2_f110w_011_syn.fits -> comp/nicmos/nic2_f110w_012_syn.fits
comp/nicmos/nic2_f160w_011_syn.fits -> comp/nicmos/nic2_f160w_012_syn.fits
comp/nicmos/nic2_f165m_011_syn.fits -> comp/nicmos/nic2_f165m_012_syn.fits
comp/nicmos/nic2_f171m_011_syn.fits -> comp/nicmos/nic2_f171m_012_syn.fits
comp/nicmos/nic2_f180m_011_syn.fits -> comp/nicmos/nic2_f180m_012_syn.fits
comp/nicmos/nic2_f187n_011_syn.fits -> comp/nicmos/nic2_f187n_012_syn.fits
comp/nicmos/nic2_f187w_011_syn.fits -> comp/nicmos/nic2_f187w_012_syn.fits
comp/nicmos/nic2_f190n_011_syn.fits -> comp/nicmos/nic2_f190n_012_syn.fits
comp/nicmos/nic2_f204m_011_syn.fits -> comp/nicmos/nic2_f204m_012_syn.fits
comp/nicmos/nic2_f205w_011_syn.fits -> comp/nicmos/nic2_f205w_012_syn.fits
comp/nicmos/nic2_f207m_011_syn.fits -> comp/nicmos/nic2_f207m_012_syn.fits
comp/nicmos/nic2_f212n_011_syn.fits -> comp/nicmos/nic2_f212n_012_syn.fits
comp/nicmos/nic2_f215n_011_syn.fits -> comp/nicmos/nic2_f215n_012_syn.fits
comp/nicmos/nic2_f216n_011_syn.fits -> comp/nicmos/nic2_f216n_012_syn.fits
comp/nicmos/nic2_f222m_011_syn.fits -> comp/nicmos/nic2_f222m_012_syn.fits
comp/nicmos/nic2_f237m_011_syn.fits -> comp/nicmos/nic2_f237m_012_syn.fits
comp/nicmos/nic2_pol0l_006_syn.fits -> comp/nicmos/nic2_pol0l_007_syn.fits
comp/nicmos/nic2_pol120l_006_syn.fits -> comp/nicmos/nic2_pol120l_007_syn.fits
comp/nicmos/nic2_pol240l_006_syn.fits -> comp/nicmos/nic2_pol240l_007_syn.fits
comp/nicmos/nic3_f108n_011_syn.fits -> comp/nicmos/nic3_f108n_012_syn.fits
comp/nicmos/nic3_f110w_011_syn.fits -> comp/nicmos/nic3_f110w_012_syn.fits
comp/nicmos/nic3_f113n_011_syn.fits -> comp/nicmos/nic3_f113n_012_syn.fits
comp/nicmos/nic3_f150w_011_syn.fits -> comp/nicmos/nic3_f150w_012_syn.fits
comp/nicmos/nic3_f160w_011_syn.fits -> comp/nicmos/nic3_f160w_012_syn.fits
comp/nicmos/nic3_f164n_011_syn.fits -> comp/nicmos/nic3_f164n_012_syn.fits
comp/nicmos/nic3_f166n_011_syn.fits -> comp/nicmos/nic3_f166n_012_syn.fits
comp/nicmos/nic3_f175w_011_syn.fits -> comp/nicmos/nic3_f175w_012_syn.fits
comp/nicmos/nic3_f187n_011_syn.fits -> comp/nicmos/nic3_f187n_012_syn.fits
comp/nicmos/nic3_f190n_011_syn.fits -> comp/nicmos/nic3_f190n_012_syn.fits
comp/nicmos/nic3_f196n_011_syn.fits -> comp/nicmos/nic3_f196n_012_syn.fits
comp/nicmos/nic3_f200n_011_syn.fits -> comp/nicmos/nic3_f200n_012_syn.fits
comp/nicmos/nic3_f205m_004_syn.fits -> comp/nicmos/nic3_f205m_005_syn.fits
comp/nicmos/nic3_f212n_011_syn.fits -> comp/nicmos/nic3_f212n_012_syn.fits
comp/nicmos/nic3_f215n_011_syn.fits -> comp/nicmos/nic3_f215n_012_syn.fits
comp/nicmos/nic3_f222m_011_syn.fits -> comp/nicmos/nic3_f222m_012_syn.fits
comp/nicmos/nic3_f240m_011_syn.fits -> comp/nicmos/nic3_f240m_012_syn.fits
comp/nicmos/nic3_g096_005_syn.fits: no change necessary
comp/nicmos/nic3_g141_005_syn.fits: no change necessary
comp/nicmos/nic3_g206_005_syn.fits: no change necessary
comp/stis/stis_e230h_015_syn.fits -> comp/stis/stis_e230h_016_syn.fits
comp/stis/stis_e230m_015_syn.fits -> comp/stis/stis_e230m_016_syn.fits
comp/stis/stis_g230m_008_syn.fits -> comp/stis/stis_g230m_009_syn.fits
comp/stis/stis_g750m_010_syn.fits -> comp/stis/stis_g750m_011_syn.fits
comp/stis/stis_e140m_015_syn.fits -> comp/stis/stis_e140m_016_syn.fits
